[debug] [2021-04-17T22:58:43.135Z] ----------------------------------------------------------------------
[debug] [2021-04-17T22:58:43.138Z] Command:       /usr/local/Cellar/node/15.6.0/bin/node /usr/local/bin/firebase init
[debug] [2021-04-17T22:58:43.138Z] CLI Version:   9.10.0
[debug] [2021-04-17T22:58:43.138Z] Platform:      darwin
[debug] [2021-04-17T22:58:43.138Z] Node Version:  v15.6.0
[debug] [2021-04-17T22:58:43.139Z] Time:          Sat Apr 17 2021 15:58:43 GMT-0700 (Pacific Daylight Time)
[debug] [2021-04-17T22:58:43.139Z] ----------------------------------------------------------------------
[debug] 
[debug] [2021-04-17T22:58:43.144Z] > command requires scopes: ["email","openid","https://www.googleapis.com/auth/cloudplatformprojects.readonly","https://www.googleapis.com/auth/firebase","https://www.googleapis.com/auth/cloud-platform"]
[debug] [2021-04-17T22:58:43.145Z] > authorizing via signed-in user (chloeyanwenduan@gmail.com)
[info] 
     ######## #### ########  ######## ########     ###     ######  ########
     ##        ##  ##     ## ##       ##     ##  ##   ##  ##       ##
     ######    ##  ########  ######   ########  #########  ######  ######
     ##        ##  ##    ##  ##       ##     ## ##     ##       ## ##
     ##       #### ##     ## ######## ########  ##     ##  ######  ########

You're about to initialize a Firebase project in this directory:

  /Users/chloe/webdev/Final Project-selftest/BayAreaEvents

Before we get started, keep in mind:

  * You are initializing in an existing Firebase project directory

[info] 
=== Project Setup
[info] 
[info] First, let's associate this project directory with a Firebase project.
[info] You can create multiple project aliases by running firebase use --add, 
[info] but for now we'll just set up a default project.
[info] 
[info] i  .firebaserc already has a default project, using reventscourse. 
[debug] [2021-04-17T22:58:48.325Z] >>> [apiv2][query] GET https://firebase.googleapis.com/v1beta1/projects/reventscourse [none]
[debug] [2021-04-17T22:58:48.539Z] <<< [apiv2][status] GET https://firebase.googleapis.com/v1beta1/projects/reventscourse 403
[debug] [2021-04-17T22:58:48.539Z] <<< [apiv2][body] GET https://firebase.googleapis.com/v1beta1/projects/reventscourse {"error":{"code":403,"message":"The caller does not have permission","status":"PERMISSION_DENIED"}}
[debug] [2021-04-17T22:58:48.539Z] HTTP Error: 403, The caller does not have permission
[debug] [2021-04-17T22:58:48.541Z] FirebaseError: HTTP Error: 403, The caller does not have permission
    at module.exports (/usr/local/lib/node_modules/firebase-tools/lib/responseToError.js:38:12)
    at Client.doRequest (/usr/local/lib/node_modules/firebase-tools/lib/apiv2.js:238:23)
    at processTicksAndRejections (node:internal/process/task_queues:94:5)
    at async Client.request (/usr/local/lib/node_modules/firebase-tools/lib/apiv2.js:96:20)
    at async Object.getFirebaseProject (/usr/local/lib/node_modules/firebase-tools/lib/management/projects.js:290:21)
    at async Object.doSetup [as project] (/usr/local/lib/node_modules/firebase-tools/lib/init/features/project.js:77:27)
    at async init (/usr/local/lib/node_modules/firebase-tools/lib/init/index.js:19:9)
[error] 
[error] Error: Failed to get Firebase project reventscourse. Please make sure the project exists and your account has permission to access it.
